have_struct_member: checking for rb_method_entry_t.called_id in method.h... -------------------- no

"gcc -o conftest -I/home/allen/.rvm/rubies/ruby-2.0.0-p353/include/ruby-2.0.0/i686-linux -I/home/allen/.rvm/rubies/ruby-2.0.0-p353/include/ruby-2.0.0/ruby/backward -I/home/allen/.rvm/rubies/ruby-2.0.0-p353/include/ruby-2.0.0 -I. -I/home/allen/.rvm/src/ruby-2.0.0-p353  -D_FILE_OFFSET_BITS=64   -O3 -fno-fast-math -ggdb3 -Wall -Wextra -Wno-unused-parameter -Wno-parentheses -Wno-long-long -Wno-missing-field-initializers -Wunused-variable -Wpointer-arith -Wwrite-strings -Wdeclaration-after-statement -Wimplicit-function-declaration  -fPIC conftest.c  -L. -L/home/allen/.rvm/rubies/ruby-2.0.0-p353/lib -Wl,-R/home/allen/.rvm/rubies/ruby-2.0.0-p353/lib -L. -fstack-protector -rdynamic -Wl,-export-dynamic     '-Wl,-rpath,/../lib' -Wl,-R -Wl,/home/allen/.rvm/rubies/ruby-2.0.0-p353/lib -L/home/allen/.rvm/rubies/ruby-2.0.0-p353/lib -lruby  -lpthread -lrt -ldl -lcrypt -lm   -lc"
checked program was:
/* begin */
1: #include "ruby.h"
2: 
3: int main(int argc, char **argv)
4: {
5:   return 0;
6: }
/* end */

"gcc -I/home/allen/.rvm/rubies/ruby-2.0.0-p353/include/ruby-2.0.0/i686-linux -I/home/allen/.rvm/rubies/ruby-2.0.0-p353/include/ruby-2.0.0/ruby/backward -I/home/allen/.rvm/rubies/ruby-2.0.0-p353/include/ruby-2.0.0 -I. -I/home/allen/.rvm/src/ruby-2.0.0-p353  -D_FILE_OFFSET_BITS=64   -O3 -fno-fast-math -ggdb3 -Wall -Wextra -Wno-unused-parameter -Wno-parentheses -Wno-long-long -Wno-missing-field-initializers -Wunused-variable -Wpointer-arith -Wwrite-strings -Wdeclaration-after-statement -Wimplicit-function-declaration  -fPIC   -c conftest.c"
conftest.c:3:20: fatal error: method.h: No such file or directory
compilation terminated.
checked program was:
/* begin */
 1: #include "ruby.h"
 2: 
 3: #include <method.h>
 4: 
 5: /*top*/
 6: int s = (char *)&((rb_method_entry_t*)0)->called_id - (char *)0;
 7: int main(int argc, char **argv)
 8: {
 9:   if (argc > 1000000) {
10:     printf("%p", &s);
11:   }
12: 
13:   return 0;
14: }
/* end */

--------------------

have_struct_member: checking for rb_control_frame_t.method_id in method.h... -------------------- no

"gcc -I/home/allen/.rvm/rubies/ruby-2.0.0-p353/include/ruby-2.0.0/i686-linux -I/home/allen/.rvm/rubies/ruby-2.0.0-p353/include/ruby-2.0.0/ruby/backward -I/home/allen/.rvm/rubies/ruby-2.0.0-p353/include/ruby-2.0.0 -I. -I/home/allen/.rvm/src/ruby-2.0.0-p353  -D_FILE_OFFSET_BITS=64   -O3 -fno-fast-math -ggdb3 -Wall -Wextra -Wno-unused-parameter -Wno-parentheses -Wno-long-long -Wno-missing-field-initializers -Wunused-variable -Wpointer-arith -Wwrite-strings -Wdeclaration-after-statement -Wimplicit-function-declaration  -fPIC   -c conftest.c"
conftest.c:3:20: fatal error: method.h: No such file or directory
compilation terminated.
checked program was:
/* begin */
 1: #include "ruby.h"
 2: 
 3: #include <method.h>
 4: 
 5: /*top*/
 6: int s = (char *)&((rb_control_frame_t*)0)->method_id - (char *)0;
 7: int main(int argc, char **argv)
 8: {
 9:   if (argc > 1000000) {
10:     printf("%p", &s);
11:   }
12: 
13:   return 0;
14: }
/* end */

--------------------

have_struct_member: checking for rb_method_entry_t.called_id in method.h... -------------------- no

"gcc -I/home/allen/.rvm/rubies/ruby-2.0.0-p353/include/ruby-2.0.0/i686-linux -I/home/allen/.rvm/rubies/ruby-2.0.0-p353/include/ruby-2.0.0/ruby/backward -I/home/allen/.rvm/rubies/ruby-2.0.0-p353/include/ruby-2.0.0 -I. -I/home/allen/.rvm/rubies/ruby-2.0.0-p353/include/ruby-2.0.0/ruby-2.0.0-p353  -O3 -fno-fast-math -ggdb3 -Wall -Wextra -Wno-unused-parameter -Wno-parentheses -Wno-long-long -Wno-missing-field-initializers -Wunused-variable -Wpointer-arith -Wwrite-strings -Wdeclaration-after-statement -Wimplicit-function-declaration  -fPIC   -c conftest.c"
conftest.c:3:20: fatal error: method.h: No such file or directory
compilation terminated.
checked program was:
/* begin */
 1: #include "ruby.h"
 2: 
 3: #include <method.h>
 4: 
 5: /*top*/
 6: int s = (char *)&((rb_method_entry_t*)0)->called_id - (char *)0;
 7: int main(int argc, char **argv)
 8: {
 9:   if (argc > 1000000) {
10:     printf("%p", &s);
11:   }
12: 
13:   return 0;
14: }
/* end */

--------------------

have_struct_member: checking for rb_control_frame_t.method_id in method.h... -------------------- no

"gcc -I/home/allen/.rvm/rubies/ruby-2.0.0-p353/include/ruby-2.0.0/i686-linux -I/home/allen/.rvm/rubies/ruby-2.0.0-p353/include/ruby-2.0.0/ruby/backward -I/home/allen/.rvm/rubies/ruby-2.0.0-p353/include/ruby-2.0.0 -I. -I/home/allen/.rvm/rubies/ruby-2.0.0-p353/include/ruby-2.0.0/ruby-2.0.0-p353  -O3 -fno-fast-math -ggdb3 -Wall -Wextra -Wno-unused-parameter -Wno-parentheses -Wno-long-long -Wno-missing-field-initializers -Wunused-variable -Wpointer-arith -Wwrite-strings -Wdeclaration-after-statement -Wimplicit-function-declaration  -fPIC   -c conftest.c"
conftest.c:3:20: fatal error: method.h: No such file or directory
compilation terminated.
checked program was:
/* begin */
 1: #include "ruby.h"
 2: 
 3: #include <method.h>
 4: 
 5: /*top*/
 6: int s = (char *)&((rb_control_frame_t*)0)->method_id - (char *)0;
 7: int main(int argc, char **argv)
 8: {
 9:   if (argc > 1000000) {
10:     printf("%p", &s);
11:   }
12: 
13:   return 0;
14: }
/* end */

--------------------

have_struct_member: checking for rb_method_entry_t.called_id in method.h... -------------------- yes

"gcc -I/home/allen/.rvm/rubies/ruby-2.0.0-p353/include/ruby-2.0.0/i686-linux -I/home/allen/.rvm/rubies/ruby-2.0.0-p353/include/ruby-2.0.0/ruby/backward -I/home/allen/.rvm/rubies/ruby-2.0.0-p353/include/ruby-2.0.0 -I. -I/srv/Mayhem/vendor/bundle/ruby/2.0.0/gems/debugger-ruby_core_source-1.3.8/lib/debugger/ruby_core_source/ruby-2.0.0-p353  -O3 -fno-fast-math -ggdb3 -Wall -Wextra -Wno-unused-parameter -Wno-parentheses -Wno-long-long -Wno-missing-field-initializers -Wunused-variable -Wpointer-arith -Wwrite-strings -Wdeclaration-after-statement -Wimplicit-function-declaration  -fPIC   -c conftest.c"
checked program was:
/* begin */
 1: #include "ruby.h"
 2: 
 3: #include <method.h>
 4: 
 5: /*top*/
 6: int s = (char *)&((rb_method_entry_t*)0)->called_id - (char *)0;
 7: int main(int argc, char **argv)
 8: {
 9:   if (argc > 1000000) {
10:     printf("%p", &s);
11:   }
12: 
13:   return 0;
14: }
/* end */

--------------------

have_header: checking for vm_core.h... -------------------- yes

"gcc -E -I/home/allen/.rvm/rubies/ruby-2.0.0-p353/include/ruby-2.0.0/i686-linux -I/home/allen/.rvm/rubies/ruby-2.0.0-p353/include/ruby-2.0.0/ruby/backward -I/home/allen/.rvm/rubies/ruby-2.0.0-p353/include/ruby-2.0.0 -I. -I/srv/Mayhem/vendor/bundle/ruby/2.0.0/gems/debugger-ruby_core_source-1.3.8/lib/debugger/ruby_core_source/ruby-2.0.0-p353  -O3 -fno-fast-math -ggdb3 -Wall -Wextra -Wno-unused-parameter -Wno-parentheses -Wno-long-long -Wno-missing-field-initializers -Wunused-variable -Wpointer-arith -Wwrite-strings -Wdeclaration-after-statement -Wimplicit-function-declaration  -fPIC  conftest.c -o conftest.i"
checked program was:
/* begin */
1: #include "ruby.h"
2: 
3: #include <vm_core.h>
/* end */

--------------------

have_header: checking for iseq.h... -------------------- yes

"gcc -E -I/home/allen/.rvm/rubies/ruby-2.0.0-p353/include/ruby-2.0.0/i686-linux -I/home/allen/.rvm/rubies/ruby-2.0.0-p353/include/ruby-2.0.0/ruby/backward -I/home/allen/.rvm/rubies/ruby-2.0.0-p353/include/ruby-2.0.0 -I. -I/srv/Mayhem/vendor/bundle/ruby/2.0.0/gems/debugger-ruby_core_source-1.3.8/lib/debugger/ruby_core_source/ruby-2.0.0-p353  -O3 -fno-fast-math -ggdb3 -Wall -Wextra -Wno-unused-parameter -Wno-parentheses -Wno-long-long -Wno-missing-field-initializers -Wunused-variable -Wpointer-arith -Wwrite-strings -Wdeclaration-after-statement -Wimplicit-function-declaration  -fPIC  conftest.c -o conftest.i"
checked program was:
/* begin */
1: #include "ruby.h"
2: 
3: #include <iseq.h>
/* end */

--------------------

have_header: checking for insns.inc... -------------------- yes

"gcc -E -I/home/allen/.rvm/rubies/ruby-2.0.0-p353/include/ruby-2.0.0/i686-linux -I/home/allen/.rvm/rubies/ruby-2.0.0-p353/include/ruby-2.0.0/ruby/backward -I/home/allen/.rvm/rubies/ruby-2.0.0-p353/include/ruby-2.0.0 -I. -I/srv/Mayhem/vendor/bundle/ruby/2.0.0/gems/debugger-ruby_core_source-1.3.8/lib/debugger/ruby_core_source/ruby-2.0.0-p353  -O3 -fno-fast-math -ggdb3 -Wall -Wextra -Wno-unused-parameter -Wno-parentheses -Wno-long-long -Wno-missing-field-initializers -Wunused-variable -Wpointer-arith -Wwrite-strings -Wdeclaration-after-statement -Wimplicit-function-declaration  -fPIC  conftest.c -o conftest.i"
checked program was:
/* begin */
1: #include "ruby.h"
2: 
3: #include <insns.inc>
/* end */

--------------------

have_header: checking for insns_info.inc... -------------------- yes

"gcc -E -I/home/allen/.rvm/rubies/ruby-2.0.0-p353/include/ruby-2.0.0/i686-linux -I/home/allen/.rvm/rubies/ruby-2.0.0-p353/include/ruby-2.0.0/ruby/backward -I/home/allen/.rvm/rubies/ruby-2.0.0-p353/include/ruby-2.0.0 -I. -I/srv/Mayhem/vendor/bundle/ruby/2.0.0/gems/debugger-ruby_core_source-1.3.8/lib/debugger/ruby_core_source/ruby-2.0.0-p353  -O3 -fno-fast-math -ggdb3 -Wall -Wextra -Wno-unused-parameter -Wno-parentheses -Wno-long-long -Wno-missing-field-initializers -Wunused-variable -Wpointer-arith -Wwrite-strings -Wdeclaration-after-statement -Wimplicit-function-declaration  -fPIC  conftest.c -o conftest.i"
checked program was:
/* begin */
1: #include "ruby.h"
2: 
3: #include <insns_info.inc>
/* end */

--------------------

have_header: checking for eval_intern.h... -------------------- yes

"gcc -E -I/home/allen/.rvm/rubies/ruby-2.0.0-p353/include/ruby-2.0.0/i686-linux -I/home/allen/.rvm/rubies/ruby-2.0.0-p353/include/ruby-2.0.0/ruby/backward -I/home/allen/.rvm/rubies/ruby-2.0.0-p353/include/ruby-2.0.0 -I. -I/srv/Mayhem/vendor/bundle/ruby/2.0.0/gems/debugger-ruby_core_source-1.3.8/lib/debugger/ruby_core_source/ruby-2.0.0-p353  -O3 -fno-fast-math -ggdb3 -Wall -Wextra -Wno-unused-parameter -Wno-parentheses -Wno-long-long -Wno-missing-field-initializers -Wunused-variable -Wpointer-arith -Wwrite-strings -Wdeclaration-after-statement -Wimplicit-function-declaration  -fPIC  conftest.c -o conftest.i"
checked program was:
/* begin */
1: #include "ruby.h"
2: 
3: #include <eval_intern.h>
/* end */

--------------------

have_type: checking for struct iseq_line_info_entry in vm_core.h,iseq.h... -------------------- yes

"gcc -I/home/allen/.rvm/rubies/ruby-2.0.0-p353/include/ruby-2.0.0/i686-linux -I/home/allen/.rvm/rubies/ruby-2.0.0-p353/include/ruby-2.0.0/ruby/backward -I/home/allen/.rvm/rubies/ruby-2.0.0-p353/include/ruby-2.0.0 -I. -I/srv/Mayhem/vendor/bundle/ruby/2.0.0/gems/debugger-ruby_core_source-1.3.8/lib/debugger/ruby_core_source/ruby-2.0.0-p353  -O3 -fno-fast-math -ggdb3 -Wall -Wextra -Wno-unused-parameter -Wno-parentheses -Wno-long-long -Wno-missing-field-initializers -Wunused-variable -Wpointer-arith -Wwrite-strings -Wdeclaration-after-statement -Wimplicit-function-declaration  -fPIC   -c conftest.c"
checked program was:
/* begin */
1: #include "ruby.h"
2: 
3: #include <vm_core.h>
4: #include <iseq.h>
5: 
6: /*top*/
7: typedef struct iseq_line_info_entry conftest_type;
8: int conftestval[sizeof(conftest_type)?1:-1];
/* end */

--------------------

block in <main>: checking for if rb_iseq_compile_with_option was added an argument filepath... -------------------- yes

"gcc -I/home/allen/.rvm/rubies/ruby-2.0.0-p353/include/ruby-2.0.0/i686-linux -I/home/allen/.rvm/rubies/ruby-2.0.0-p353/include/ruby-2.0.0/ruby/backward -I/home/allen/.rvm/rubies/ruby-2.0.0-p353/include/ruby-2.0.0 -I. -I/srv/Mayhem/vendor/bundle/ruby/2.0.0/gems/debugger-ruby_core_source-1.3.8/lib/debugger/ruby_core_source/ruby-2.0.0-p353  -O3 -fno-fast-math -ggdb3 -Wall -Wextra -Wno-unused-parameter -Wno-parentheses -Wno-long-long -Wno-missing-field-initializers -Wunused-variable -Wpointer-arith -Wwrite-strings -Wdeclaration-after-statement -Wimplicit-function-declaration  -fPIC   -c conftest.c"
checked program was:
/* begin */
1: #include "ruby.h"
2: 
3: #include <ruby.h>
4: #include "vm_core.h"
5: extern VALUE rb_iseq_new_main(NODE *node, VALUE filename, VALUE filepath);
/* end */

--------------------

